[1] "-- Welcome to FOSSFlood - Running in G:/Dropbox/root/projects/floodmapping/foss/project/V2/FOSSFlood-master"
[1] "-- Loading libraries --"
Warning messages:
1: package 'tidyverse' was built under R version 4.1.1 
2: package 'tibble' was built under R version 4.1.1 
3: package 'tidyr' was built under R version 4.1.1 
4: package 'readr' was built under R version 4.1.1 
5: package 'purrr' was built under R version 4.1.1 
6: package 'stringr' was built under R version 4.1.1 
7: package 'forcats' was built under R version 4.1.1 
Warning message:
package 'geosphere' was built under R version 4.1.1 
Warning message:
package 'sf' was built under R version 4.1.1 
Warning message:
package 'htmlwidgets' was built under R version 4.1.1 
Warning message:
package 'htmltools' was built under R version 4.1.1 
Warning message:
package 'dataRetrieval' was built under R version 4.1.1 
Warning message:
package 'webshot' was built under R version 4.1.1 
Warning message:
package 'magick' was built under R version 4.1.1 
Warning message:
package 'animation' was built under R version 4.1.1 
Warning messages:
1: package 'imager' was built under R version 4.1.1 
2: package 'magrittr' was built under R version 4.1.1 
Warning message:
package 'stars' was built under R version 4.1.1 
Warning message:
package 'mapview' was built under R version 4.1.1 
Warning messages:
1: package 'gdalUtilities' was built under R version 4.1.1 
2: package 'raster' was built under R version 4.1.1 
3: package 'sp' was built under R version 4.1.1 
Warning message:
package 'tigris' was built under R version 4.1.1 
Warning message:
package 'cdlTools' was built under R version 4.1.1 
Warning message:
package 'httr' was built under R version 4.1.1 
Warning message:
package 'openadds' was built under R version 4.1.1 
Warning message:
package 'plainview' was built under R version 4.1.1 
Warning message:
package 'tidygeocoder' was built under R version 4.1.1 
Warning message:
package 'fst' was built under R version 4.1.1 
Warning message:
package 'dygraphs' was built under R version 4.1.1 
Warning messages:
1: package 'xts' was built under R version 4.1.1 
2: package 'zoo' was built under R version 4.1.1 
Warning message:
package 'timeSeries' was built under R version 4.1.1 
Warning message:
package 'gridExtra' was built under R version 4.1.1 
Warning message:
package 'randomcoloR' was built under R version 4.1.1 
Warning message:
package 'leaflet' was built under R version 4.1.1 
Warning message:
package 'leafpop' was built under R version 4.1.1 
Warning message:
package 'shiny' was built under R version 4.1.1 
Warning message:
package 'shinydashboard' was built under R version 4.1.1 
Warning message:
package 'shinyjs' was built under R version 4.1.1 
Warning message:
package 'shinyalert' was built under R version 4.1.1 
Warning message:
package 'shinycssloaders' was built under R version 4.1.1 
Warning message:
package 'shinyWidgets' was built under R version 4.1.1 
Warning message:
package 'shinybusy' was built under R version 4.1.1 
[1] "-- Welcome to FOSSFlood - Running FOSSFlood for 66044, 66046, 66047, 66045, 66049"
[1] "-- Welcome to FOSSFlood - sorted request as 66044, 66045, 66046, 66047, 66049"
[1] "-- Welcome to FOSSFlood - Processing 341.59 square miles"
[1] "-- Welcome to FOSSFlood - Loading in data"
[1] "-- !ALERT! selected address database is empty, swapping to OpenStreetMap Addresses --"
[1] "-- Grabbing NWM forecasts -- Downloading Forecasts: This may take a few minutes"
[1] "-- Grabbing NWM forecasts -- Downloading Forecast for hour 1 of 6"
[1] "-- Grabbing NWM forecasts -- Downloading Forecast for hour 2 of 6"
[1] "-- Grabbing NWM forecasts -- Downloading Forecast for hour 3 of 6"
[1] "-- Grabbing NWM forecasts -- Downloading Forecast for hour 4 of 6"
[1] "-- Grabbing NWM forecasts -- Downloading Forecast for hour 5 of 6"
[1] "-- Grabbing NWM forecasts -- Downloading Forecast for hour 6 of 6"
[1] "-- Grabbing NWM forecasts -- Subsetting NWM files to selected reaches"
[1] "-- Grabbing NWM forecasts -- Flows written"
[1] "-- CFIM flow forecasts to stage --"
[1] "-- Creating Flood Inundation Rasters --"
[1] "-- Creating Flood Inundation Rasters -- Matching stage to catchments  --"
[1] "-- Cropping to AOI --"
[1] "-- Intersecting addresses --"
[1] "-- Intersecting roads --"
[1] "-- Projecting vector data for mapping --"
[1] "-- Summarizing results --"
[1] "-- Generating cartography objects --"
[1] "-- FOSSFlood execution complete in 1.7 minutes - Starting Shiny server --"

Listening on http://127.0.0.1:3734
